{
  "RSpec": {
    "coverage": {
      "/home/random/Dropbox/Code/Projects/10monkeys/spec/data_sorter_spec.rb": [
        1,
        null,
        1,
        1,
        1,
        1,
        1,
        1,
        null,
        null,
        1,
        1,
        1,
        1,
        null,
        null,
        null
      ],
      "/home/random/Dropbox/Code/Projects/10monkeys/lib/data_sorter.rb": [
        null,
        1,
        1,
        null,
        1,
        2,
        2,
        null,
        null,
        1,
        2,
        2,
        null,
        null,
        2,
        8,
        8,
        86,
        80,
        null,
        6,
        null,
        null,
        null,
        null,
        null,
        8,
        6,
        null,
        null,
        null
      ],
      "/home/random/Dropbox/Code/Projects/10monkeys/spec/database_spreadsheet_spec.rb": [
        1,
        null,
        1,
        1,
        null,
        1,
        1,
        1,
        null,
        null,
        1,
        2,
        null,
        null,
        1,
        1,
        1,
        null,
        null,
        1,
        1,
        1,
        1,
        null,
        null,
        null
      ],
      "/home/random/Dropbox/Code/Projects/10monkeys/lib/database_spreadsheet.rb": [
        1,
        null,
        null,
        1,
        1,
        null,
        1,
        null,
        1,
        null,
        1,
        null,
        1,
        null,
        null,
        1,
        null,
        4,
        null,
        null,
        1,
        null,
        2,
        2,
        null,
        null,
        1,
        null,
        1,
        1,
        null,
        null,
        1,
        null,
        3,
        3,
        null,
        null,
        null,
        null,
        null,
        null,
        null,
        null,
        null,
        null,
        null,
        null,
        1,
        6,
        null,
        null
      ],
      "/home/random/Dropbox/Code/Projects/10monkeys/spec/monkey_crawler_spec.rb": [
        1,
        null,
        1,
        9,
        null,
        1,
        1,
        1,
        1,
        1,
        null,
        null,
        1,
        1,
        1,
        null,
        null,
        1,
        1,
        1,
        null,
        null,
        1,
        1,
        1,
        1,
        null,
        null,
        1,
        1,
        null,
        null,
        1,
        1,
        1,
        null,
        null,
        1,
        1,
        null,
        null,
        1,
        1,
        null,
        null,
        null
      ],
      "/home/random/Dropbox/Code/Projects/10monkeys/lib/monkey_crawler.rb": [
        1,
        null,
        null,
        1,
        1,
        1,
        null,
        1,
        8,
        8,
        8,
        8,
        8,
        null,
        null,
        1,
        2,
        1,
        1,
        1,
        1,
        null,
        null,
        null,
        1,
        1,
        1,
        null,
        null,
        1,
        2,
        2,
        null,
        2,
        null,
        null,
        1,
        2,
        null,
        null,
        1,
        null,
        3,
        null,
        null,
        3,
        null,
        null,
        2,
        null,
        null,
        null
      ],
      "/home/random/Dropbox/Code/Projects/10monkeys/spec/monkey_scraper_spec.rb": [
        1,
        null,
        1,
        1,
        1,
        1,
        1,
        1,
        null,
        null,
        null
      ],
      "/home/random/Dropbox/Code/Projects/10monkeys/lib/monkey_scraper.rb": [
        1,
        1,
        1,
        null,
        1,
        1,
        null,
        1,
        null,
        1,
        null,
        null,
        1,
        null,
        null,
        null,
        null,
        null,
        null,
        null,
        null,
        null,
        null,
        1,
        null,
        null,
        null,
        1,
        1,
        null,
        84,
        null,
        null,
        null,
        null,
        null
      ]
    },
    "timestamp": 1557008738
  }
}
