{
  "RSpec": {
    "coverage": {
      "/home/randomgoat/Dropbox/Code/Projects/10monkeys/spec/data_sorter_spec.rb": [
        1,
        1,
        null,
        1,
        8,
        null,
        1,
        1,
        1,
        1,
        1,
        null,
        null,
        1,
        1,
        1,
        null,
        null,
        1,
        1,
        1,
        null,
        null,
        1,
        1,
        1,
        1,
        null,
        null,
        1,
        1,
        1,
        null,
        null,
        1,
        1,
        null,
        null,
        1,
        1,
        null,
        null,
        null,
        null,
        1,
        1,
        1,
        1,
        1,
        1,
        null,
        null,
        1,
        1,
        1,
        1,
        null,
        null,
        null
      ],
      "/home/randomgoat/Dropbox/Code/Projects/10monkeys/lib/data_sorter.rb": [
        null,
        1,
        1,
        null,
        1,
        2,
        2,
        null,
        null,
        1,
        2,
        2,
        null,
        null,
        2,
        8,
        8,
        86,
        80,
        null,
        6,
        null,
        null,
        null,
        null,
        null,
        8,
        6,
        null,
        null,
        null
      ],
      "/home/randomgoat/Dropbox/Code/Projects/10monkeys/lib/monkey_crawler.rb": [
        1,
        null,
        null,
        1,
        1,
        1,
        null,
        1,
        7,
        7,
        7,
        7,
        7,
        null,
        null,
        1,
        2,
        1,
        1,
        1,
        1,
        null,
        null,
        null,
        1,
        1,
        1,
        null,
        null,
        1,
        2,
        2,
        null,
        2,
        null,
        null,
        1,
        1,
        null,
        null,
        1,
        null,
        3,
        null,
        3,
        3,
        null,
        null,
        2,
        null,
        null,
        null
      ]
    },
    "timestamp": 1555607545
  }
}
